C:\Users\james\.CLion2017.1\system\cygwin_cmake\bin\cmake.exe -DCMAKE_BUILD_TYPE=Debug -G "CodeBlocks - Unix Makefiles" /cygdrive/c/Users/james/apps/WALL-E
-- The C compiler identification is GNU 5.3.0
-- The CXX compiler identification is GNU 5.4.0
CMake Warning at /cygdrive/c/Users/james/.CLion2017.1/system/cygwin_cmake/share/cmake-3.7.1/Modules/Platform/CYGWIN.cmake:15 (message):
  CMake no longer defines WIN32 on Cygwin!

  (1) If you are just trying to build this project, ignore this warning or
  quiet it by setting CMAKE_LEGACY_CYGWIN_WIN32=0 in your environment or in
  the CMake cache.  If later configuration or build errors occur then this
  project may have been written under the assumption that Cygwin is WIN32.
  In that case, set CMAKE_LEGACY_CYGWIN_WIN32=1 instead.

  (2) If you are developing this project, add the line

    set(CMAKE_LEGACY_CYGWIN_WIN32 0) # Remove when CMake >= 2.8.4 is required

  at the top of your top-level CMakeLists.txt file or set the minimum
  required version of CMake to 2.8.4 or higher.  Then teach your project to
  build on Cygwin without WIN32.
Call Stack (most recent call first):
  /cygdrive/c/Users/james/.CLion2017.1/system/cygwin_cmake/share/cmake-3.7.1/Modules/CMakeSystemSpecificInformation.cmake:26 (include)
  CMakeLists.txt:2 (project)


-- Check for working C compiler: /usr/bin/cc
-- Check for working C compiler: /usr/bin/cc -- works
-- Detecting C compiler ABI info
-- Detecting C compiler ABI info - done
-- Detecting C compile features
-- Detecting C compile features - done
-- Check for working CXX compiler: /usr/bin/c++.exe
-- Check for working CXX compiler: /usr/bin/c++.exe -- broken
CMake Error at /cygdrive/c/Users/james/.CLion2017.1/system/cygwin_cmake/share/cmake-3.7.1/Modules/CMakeTestCXXCompiler.cmake:44 (message):
  The C++ compiler "/usr/bin/c++.exe" is not able to compile a simple test
  program.

  It fails with the following output:

   Change Dir: /cygdrive/c/Users/james/apps/WALL-E/cmake-build-debug/CMakeFiles/CMakeTmp

  

  Run Build Command:"/usr/bin/make.exe" "cmTC_24ca7/fast"

  /usr/bin/make -f CMakeFiles/cmTC_24ca7.dir/build.make
  CMakeFiles/cmTC_24ca7.dir/build

  make[1]: Entering directory
  '/cygdrive/c/Users/james/apps/WALL-E/cmake-build-debug/CMakeFiles/CMakeTmp'


  Building CXX object CMakeFiles/cmTC_24ca7.dir/testCXXCompiler.cxx.o

  /usr/bin/c++.exe -o CMakeFiles/cmTC_24ca7.dir/testCXXCompiler.cxx.o -c
  /cygdrive/c/Users/james/apps/WALL-E/cmake-build-debug/CMakeFiles/CMakeTmp/testCXXCompiler.cxx


  Linking CXX executable cmTC_24ca7.exe

  /cygdrive/c/Users/james/.CLion2017.1/system/cygwin_cmake/bin/cmake.exe -E
  cmake_link_script CMakeFiles/cmTC_24ca7.dir/link.txt --verbose=1

  /usr/bin/c++.exe -Wl,--enable-auto-import
  CMakeFiles/cmTC_24ca7.dir/testCXXCompiler.cxx.o -o cmTC_24ca7.exe
  -Wl,--out-implib,libcmTC_24ca7.dll.a
  -Wl,--major-image-version,0,--minor-image-version,0

  c++: fatal error: -fuse-linker-plugin, but cyglto_plugin.dll not found

  compilation terminated.

  make[1]: *** [CMakeFiles/cmTC_24ca7.dir/build.make:98: cmTC_24ca7.exe]
  Error 1

  make[1]: Leaving directory
  '/cygdrive/c/Users/james/apps/WALL-E/cmake-build-debug/CMakeFiles/CMakeTmp'


  make: *** [Makefile:126: cmTC_24ca7/fast] Error 2

  

  

  CMake will not be able to correctly generate this project.
Call Stack (most recent call first):
  CMakeLists.txt:2 (project)


-- Configuring incomplete, errors occurred!
See also "/cygdrive/c/Users/james/apps/WALL-E/cmake-build-debug/CMakeFiles/CMakeOutput.log".
See also "/cygdrive/c/Users/james/apps/WALL-E/cmake-build-debug/CMakeFiles/CMakeError.log".
